\BOOKMARK [1][-]{section.1}{\376\377\000I\000n\000t\000r\000o\000d\000u\000z\000i\000o\000n\000e}{}% 1
\BOOKMARK [1][-]{section.2}{\376\377\000T\000e\000c\000n\000o\000l\000o\000g\000i\000e\000\040\000i\000m\000p\000i\000e\000g\000a\000t\000e}{}% 2
\BOOKMARK [2][-]{subsection.2.1}{\376\377\000P\000i\000a\000t\000t\000a\000f\000o\000r\000m\000a\000\040\000A\000r\000d\000u\000i\000n\000o}{section.2}% 3
\BOOKMARK [2][-]{subsection.2.2}{\376\377\000S\000e\000r\000v\000o\000m\000o\000t\000o\000r\000i}{section.2}% 4
\BOOKMARK [2][-]{subsection.2.3}{\376\377\000P\000i\000a\000n\000o\000\040\000r\000e\000s\000i\000s\000t\000i\000v\000o}{section.2}% 5
\BOOKMARK [3][-]{subsubsection.2.3.1}{\376\377\000T\000i\000p\000o\000l\000o\000g\000i\000e\000\040\000e\000\040\000f\000u\000n\000z\000i\000o\000n\000a\000m\000e\000n\000t\000o\000\040\000d\000i\000\040\000u\000n\000\040\000p\000i\000a\000n\000o\000\040\000r\000e\000s\000i\000s\000t\000i\000v\000o}{subsection.2.3}% 6
\BOOKMARK [2][-]{subsection.2.4}{\376\377\000P\000o\000n\000t\000e\000\040\000a\000d\000\040\000H}{section.2}% 7
\BOOKMARK [2][-]{subsection.2.5}{\376\377\000J\000o\000y\000s\000t\000i\000c\000k\000\040\000a\000n\000a\000l\000o\000g\000i\000c\000o}{section.2}% 8
\BOOKMARK [1][-]{section.3}{\376\377\000P\000i\000a\000t\000t\000a\000f\000o\000r\000m\000a\000\040\000d\000i\000\040\000G\000o\000u\000g\000h\000-\000S\000t\000e\000w\000a\000r\000t}{}% 9
\BOOKMARK [2][-]{subsection.3.1}{\376\377\000D\000e\000s\000c\000r\000i\000z\000i\000o\000n\000e}{section.3}% 10
\BOOKMARK [2][-]{subsection.3.2}{\376\377\000R\000o\000b\000o\000t\000\040\000s\000e\000r\000i\000a\000l\000i\000\040\000e\000\040\000p\000a\000r\000a\000l\000l\000e\000l\000i}{section.3}% 11
\BOOKMARK [2][-]{subsection.3.3}{\376\377\000A\000n\000a\000l\000i\000s\000i\000\040\000p\000i\000a\000t\000t\000a\000f\000o\000r\000m\000a\000\040\000d\000i\000\040\000S\000t\000e\000w\000a\000r\000t\000\040\000c\000o\000n\000\040\000a\000t\000t\000u\000a\000t\000o\000r\000i\000\040\000r\000o\000t\000a\000t\000i\000v\000i}{section.3}% 12
\BOOKMARK [2][-]{subsection.3.4}{\376\377\000A\000n\000a\000l\000i\000s\000i\000\040\000p\000r\000o\000b\000l\000e\000m\000a\000\040\000p\000i\000a\000t\000t\000a\000f\000o\000r\000m\000a}{section.3}% 13
\BOOKMARK [3][-]{subsubsection.3.4.1}{\376\377\000A\000n\000a\000l\000i\000s\000i\000\040\000t\000r\000a\000s\000l\000a\000z\000i\000o\000n\000e\000\040\000\050\000x\000,\000y\000,\000z\000\051}{subsection.3.4}% 14
\BOOKMARK [3][-]{subsubsection.3.4.2}{\376\377\000A\000n\000a\000l\000i\000s\000i\000\040\000r\000o\000t\000a\000z\000i\000o\000n\000e\000\040\000\050\000,\000,\000\051}{subsection.3.4}% 15
\BOOKMARK [3][-]{subsubsection.3.4.3}{\376\377\000C\000o\000n\000c\000l\000u\000s\000i\000o\000n\000e\000\040\000p\000r\000o\000b\000l\000e\000m\000a\000\040\000p\000i\000a\000t\000t\000a\000f\000o\000r\000m\000a}{subsection.3.4}% 16
\BOOKMARK [2][-]{subsection.3.5}{\376\377\000A\000n\000a\000l\000i\000s\000i\000\040\000p\000r\000o\000b\000l\000e\000m\000a\000\040\000a\000t\000t\000u\000a\000t\000o\000r\000i\000\040\000r\000o\000t\000a\000t\000i\000v\000i}{section.3}% 17
\BOOKMARK [3][-]{subsubsection.3.5.1}{\376\377\000P\000o\000s\000i\000z\000i\000o\000n\000e\000\040\000d\000e\000l\000\040\000g\000i\000u\000n\000t\000o\000\040\000b\000i\000e\000l\000l\000a\000\040\000m\000a\000n\000o\000v\000e\000l\000l\000a}{subsection.3.5}% 18
\BOOKMARK [3][-]{subsubsection.3.5.2}{\376\377\000D\000e\000t\000e\000r\000m\000i\000n\000a\000z\000i\000o\000n\000e\000\040\000a\000n\000g\000o\000l\000o\000\040}{subsection.3.5}% 19
\BOOKMARK [3][-]{subsubsection.3.5.3}{\376\377\000C\000o\000n\000t\000r\000o\000l\000l\000o\000\040\000s\000e\000r\000v\000o\000m\000o\000t\000o\000r\000i}{subsection.3.5}% 20
\BOOKMARK [2][-]{subsection.3.6}{\376\377\000S\000c\000h\000e\000m\000a\000\040\000a\000\040\000b\000l\000o\000c\000c\000h\000i}{section.3}% 21
\BOOKMARK [1][-]{section.4}{\376\377\000C\000o\000n\000t\000r\000o\000l\000l\000o\000\040\000d\000e\000l\000l\000a\000\040\000p\000a\000l\000l\000i\000n\000a\000\040\000c\000o\000n\000\040\000p\000i\000a\000n\000o\000\040\000s\000t\000a\000b\000i\000l\000i\000z\000z\000a\000t\000o}{}% 22
\BOOKMARK [2][-]{subsection.4.1}{\376\377\000C\000o\000n\000t\000r\000o\000l\000l\000o\000r\000e\000\040\000P\000I\000D}{section.4}% 23
\BOOKMARK [3][-]{subsubsection.4.1.1}{\376\377\000E\000q\000u\000a\000z\000i\000o\000n\000e\000\040\000d\000e\000l\000\040\000c\000o\000n\000t\000r\000o\000l\000l\000o\000r\000e\000\040\000P\000I\000D}{subsection.4.1}% 24
\BOOKMARK [2][-]{subsection.4.2}{\376\377\000M\000i\000g\000l\000i\000o\000r\000a\000m\000e\000n\000t\000i\000\040\000e\000\040\000o\000t\000t\000i\000m\000i\000z\000z\000a\000z\000i\000o\000n\000i\000\040\000d\000e\000l\000\040\000c\000o\000n\000t\000r\000o\000l\000l\000o\000r\000e\000\040\000P\000I\000D}{section.4}% 25
\BOOKMARK [2][-]{subsection.4.3}{\376\377\000A\000l\000g\000o\000r\000i\000t\000m\000o\000\040\000d\000i\000\040\000c\000o\000n\000t\000r\000o\000l\000l\000o}{section.4}% 26
\BOOKMARK [1][-]{section.5}{\376\377\000R\000e\000a\000l\000i\000z\000z\000a\000z\000i\000o\000n\000e\000\040\000p\000r\000a\000t\000i\000c\000a}{}% 27
\BOOKMARK [2][-]{subsection.5.1}{\376\377\000A\000s\000s\000e\000m\000b\000l\000a\000g\000g\000i\000o}{section.5}% 28
\BOOKMARK [2][-]{subsection.5.2}{\376\377\000P\000r\000o\000g\000r\000a\000m\000m\000a\000z\000i\000o\000n\000e}{section.5}% 29
\BOOKMARK [3][-]{subsubsection.5.2.1}{\376\377\000C\000o\000n\000t\000r\000o\000l\000l\000o\000\040\000d\000e\000l\000l\000a\000\040\000p\000i\000a\000t\000t\000a\000f\000o\000r\000m\000a\000\040\000d\000i\000\040\000S\000t\000e\000w\000a\000r\000t}{subsection.5.2}% 30
\BOOKMARK [3][-]{subsubsection.5.2.2}{\376\377\000L\000e\000t\000t\000u\000r\000a\000\040\000e\000\040\000f\000i\000l\000t\000r\000a\000g\000g\000i\000o\000\040\000d\000a\000t\000i\000\040\000o\000t\000t\000e\000n\000u\000t\000i\000\040\000d\000a\000l\000\040\000p\000i\000a\000n\000o\000\040\000r\000e\000s\000i\000s\000t\000i\000v\000o}{subsection.5.2}% 31
\BOOKMARK [3][-]{subsubsection.5.2.3}{\376\377\000C\000o\000n\000t\000r\000o\000l\000l\000o\000r\000e\000\040\000P\000I\000D}{subsection.5.2}% 32
\BOOKMARK [3][-]{subsubsection.5.2.4}{\376\377\000A\000s\000s\000e\000g\000n\000a\000z\000i\000o\000n\000e\000\040\000d\000e\000i\000\040\000c\000o\000m\000a\000n\000d\000i}{subsection.5.2}% 33
\BOOKMARK [2][-]{subsection.5.3}{\376\377\000T\000a\000r\000a\000t\000u\000r\000a}{section.5}% 34
\BOOKMARK [1][-]{section.6}{\376\377\000R\000i\000s\000u\000l\000t\000a\000t\000i}{}% 35
\BOOKMARK [2][-]{subsection.6.1}{\376\377\000P\000i\000a\000t\000t\000a\000f\000o\000r\000m\000a\000\040\000d\000i\000\040\000s\000t\000e\000w\000a\000r\000t}{section.6}% 36
\BOOKMARK [2][-]{subsection.6.2}{\376\377\000P\000i\000a\000n\000o\000\040\000s\000t\000a\000b\000i\000l\000i\000z\000z\000a\000t\000o}{section.6}% 37
\BOOKMARK [1][-]{section.7}{\376\377\000C\000o\000n\000c\000l\000u\000s\000i\000o\000n\000i}{}% 38
\BOOKMARK [1][-]{figure.18}{\376\377\000R\000i\000f\000e\000r\000i\000m\000e\000n\000t\000i\000\040\000b\000i\000b\000l\000i\000o\000g\000r\000a\000f\000i\000c\000i}{}% 39
